<?xml version="1.0" encoding="UTF-8"?>
<testsuite xmlns:xsi="http://www.w3.org/2001/XMLSchema-instance" xsi:noNamespaceSchemaLocation="https://maven.apache.org/surefire/maven-surefire-plugin/xsd/surefire-test-report.xsd" version="3.0.2" name="org.memnar.backend.BackendApplicationTests" time="3.24" tests="1" errors="0" skipped="0" failures="0">
  <properties>
[...]
</properties>
  <testcase name="contextLoads" classname="org.memnar.backend.BackendApplicationTests" time="0.757">
    <system-out><![CDATA[12:44:00.517 [main] INFO org.springframework.test.context.support.AnnotationConfigContextLoaderUtils -- Could not detect default configuration classes for test class [org.memnar.backend.BackendApplicationTests]: BackendApplicationTests does not declare any static, non-private, non-final, nested classes annotated with @Configuration.
12:44:00.613 [main] INFO org.springframework.boot.test.context.SpringBootTestContextBootstrapper -- Found @SpringBootConfiguration org.memnar.backend.BackendApplication for test class org.memnar.backend.BackendApplicationTests
12:44:00.794 [main] INFO org.springframework.boot.devtools.restart.RestartApplicationListener -- Restart disabled due to context in which it is running

  .   ____          _            __ _ _
 /\\ / ___'_ __ _ _(_)_ __  __ _ \ \ \ \
( ( )\___ | '_ | '_| | '_ \/ _` | \ \ \ \
 \\/  ___)| |_)| | | | | || (_| |  ) ) ) )
  '  |____| .__|_| |_|_| |_\__, | / / / /
 =========|_|==============|___/=/_/_/_/

 :: Spring Boot ::                (v3.5.7)

2026-01-05T12:44:01.093+03:00  INFO 15579 --- [           main] o.m.backend.BackendApplicationTests      : Starting BackendApplicationTests using Java 17.0.17 with PID 15579 (started by sukriye in /home/sukriye/Desktop/Projects/MEMNAR-WebServer/backend)
2026-01-05T12:44:01.095+03:00  INFO 15579 --- [           main] o.m.backend.BackendApplicationTests      : No active profile set, falling back to 1 default profile: "default"
2026-01-05T12:44:02.138+03:00  INFO 15579 --- [           main] o.s.b.w.embedded.tomcat.TomcatWebServer  : Tomcat initialized with port 0 (http)
2026-01-05T12:44:02.151+03:00  INFO 15579 --- [           main] o.apache.catalina.core.StandardService   : Starting service [Tomcat]
2026-01-05T12:44:02.152+03:00  INFO 15579 --- [           main] o.apache.catalina.core.StandardEngine    : Starting Servlet engine: [Apache Tomcat/10.1.48]
2026-01-05T12:44:02.199+03:00  INFO 15579 --- [           main] o.a.c.c.C.[Tomcat].[localhost].[/]       : Initializing Spring embedded WebApplicationContext
2026-01-05T12:44:02.201+03:00  INFO 15579 --- [           main] w.s.c.ServletWebServerApplicationContext : Root WebApplicationContext: initialization completed in 1090 ms
2026-01-05T12:44:02.792+03:00  INFO 15579 --- [           main] o.s.m.s.b.SimpleBrokerMessageHandler     : Starting...
2026-01-05T12:44:02.794+03:00  INFO 15579 --- [           main] o.s.m.s.b.SimpleBrokerMessageHandler     : BrokerAvailabilityEvent[available=true, SimpleBrokerMessageHandler [org.springframework.messaging.simp.broker.DefaultSubscriptionRegistry@5438fa43]]
2026-01-05T12:44:02.796+03:00  INFO 15579 --- [           main] o.s.m.s.b.SimpleBrokerMessageHandler     : Started.
2026-01-05T12:44:02.812+03:00  INFO 15579 --- [           main] o.s.b.w.embedded.tomcat.TomcatWebServer  : Tomcat started on port 35249 (http) with context path '/'
2026-01-05T12:44:02.822+03:00  INFO 15579 --- [           main] o.m.backend.BackendApplicationTests      : Started BackendApplicationTests in 2.041 seconds (process running for 2.971)
]]></system-out>
  </testcase>
</testsuite>